 Đang tải dataset đã lọc: ./ratings_filtered.csv...

Tổng số đánh giá sử dụng: 31,470,051

Train rows (Raw): 25176040 | Test rows (Raw): 6294011

[I 2026-04-16 20:37:04,292] A new study created in memory with name: no-name-701ec7b6-f3a7-4872-a833-547ffdbfe1b2

[20:37:04]  --> Training Fold 1/4 on GPU...

[20:38:19]  --> Training Fold 2/4 on GPU...

[20:40:17]  --> Training Fold 3/4 on GPU...

[20:42:55]  --> Training Fold 4/4 on GPU...

Trial 00: score=0.861967 params=ALSConfig(factors=24, reg_user=0.17335037907084974, reg_item=0.17946641831051546, iterations=5, seed=7, verbose=False, device='cuda')

[I 2026-04-16 20:46:39,454] Trial 0 finished with value: 0.861966597774168 and parameters: {'factors': 24, 'reg_user': 0.17335037907084974, 'reg_item': 0.17946641831051546, 'iterations': 5}. Best is trial 0 with value: 0.861966597774168.

[20:46:39]  --> Training Fold 1/4 on GPU...

[20:50:16]  --> Training Fold 2/4 on GPU...

[20:55:57]  --> Training Fold 3/4 on GPU...

[21:03:56]  --> Training Fold 4/4 on GPU...

Trial 01: score=1.227585 params=ALSConfig(factors=32, reg_user=0.00013564549805250288, reg_item=0.00014430111405261176, iterations=12, seed=7, verbose=False, device='cuda')

[I 2026-04-16 21:15:10,603] Trial 1 finished with value: 1.2275849062925959 and parameters: {'factors': 32, 'reg_user': 0.00013564549805250288, 'reg_item': 0.00014430111405261176, 'iterations': 12}. Best is trial 0 with value: 0.861966597774168.

[21:15:10]  --> Training Fold 1/4 on GPU...

[21:15:56]  --> Training Fold 2/4 on GPU...

[21:17:09]  --> Training Fold 3/4 on GPU...

[21:18:47]  --> Training Fold 4/4 on GPU...

Trial 02: score=0.888889 params=ALSConfig(factors=16, reg_user=0.0005168422970760775, reg_item=0.18716159652632766, iterations=4, seed=7, verbose=False, device='cuda')

[I 2026-04-16 21:21:06,764] Trial 2 finished with value: 0.888889432996219 and parameters: {'factors': 16, 'reg_user': 0.0005168422970760775, 'reg_item': 0.18716159652632766, 'iterations': 4}. Best is trial 0 with value: 0.861966597774168.

[21:21:06]  --> Training Fold 1/4 on GPU...

[21:23:56]  --> Training Fold 2/4 on GPU...

[21:28:32]  --> Training Fold 3/4 on GPU...

[21:34:30]  --> Training Fold 4/4 on GPU...

Trial 03: score=0.852748 params=ALSConfig(factors=32, reg_user=0.0016277108849776293, reg_item=0.20354153652944534, iterations=9, seed=7, verbose=False, device='cuda')

[I 2026-04-16 21:42:58,212] Trial 3 finished with value: 0.852747659501329 and parameters: {'factors': 32, 'reg_user': 0.0016277108849776293, 'reg_item': 0.20354153652944534, 'iterations': 9}. Best is trial 3 with value: 0.852747659501329.

[21:42:58]  --> Training Fold 1/4 on GPU...

[21:43:57]  --> Training Fold 2/4 on GPU...

[21:45:32]  --> Training Fold 3/4 on GPU...

[21:47:37]  --> Training Fold 4/4 on GPU...

Trial 04: score=1.087995 params=ALSConfig(factors=16, reg_user=0.00042558814773154474, reg_item=0.0001221328022476885, iterations=5, seed=7, verbose=False, device='cuda')

[I 2026-04-16 21:50:36,566] Trial 4 finished with value: 1.0879947614931558 and parameters: {'factors': 16, 'reg_user': 0.00042558814773154474, 'reg_item': 0.0001221328022476885, 'iterations': 5}. Best is trial 3 with value: 0.852747659501329.

[21:50:36]  --> Training Fold 1/4 on GPU...

[21:51:28]  --> Training Fold 2/4 on GPU...

[21:52:53]  --> Training Fold 3/4 on GPU...

[21:54:47]  --> Training Fold 4/4 on GPU...

Trial 05: score=0.872641 params=ALSConfig(factors=8, reg_user=0.12418637916492473, reg_item=0.0006618746710803054, iterations=6, seed=7, verbose=False, device='cuda')

[I 2026-04-16 21:57:29,664] Trial 5 finished with value: 0.8726413466815477 and parameters: {'factors': 8, 'reg_user': 0.12418637916492473, 'reg_item': 0.0006618746710803054, 'iterations': 6}. Best is trial 3 with value: 0.852747659501329.

[21:57:29]  --> Training Fold 1/4 on GPU...

[21:58:31]  --> Training Fold 2/4 on GPU...

[22:00:08]  --> Training Fold 3/4 on GPU...

[22:02:19]  --> Training Fold 4/4 on GPU...

Trial 06: score=0.951795 params=ALSConfig(factors=24, reg_user=0.011293725594938617, reg_item=0.000847714626059824, iterations=4, seed=7, verbose=False, device='cuda')

[I 2026-04-16 22:05:24,144] Trial 6 finished with value: 0.9517948176001909 and parameters: {'factors': 24, 'reg_user': 0.011293725594938617, 'reg_item': 0.000847714626059824, 'iterations': 4}. Best is trial 3 with value: 0.852747659501329.

[22:05:24]  --> Training Fold 1/4 on GPU...

[22:06:08]  --> Training Fold 2/4 on GPU...

[22:07:20]  --> Training Fold 3/4 on GPU...

[22:08:58]  --> Training Fold 4/4 on GPU...

Trial 07: score=0.907514 params=ALSConfig(factors=8, reg_user=0.03255417492190901, reg_item=0.00031286817140567893, iterations=5, seed=7, verbose=False, device='cuda')

[I 2026-04-16 22:11:14,369] Trial 7 finished with value: 0.907513904653674 and parameters: {'factors': 8, 'reg_user': 0.03255417492190901, 'reg_item': 0.00031286817140567893, 'iterations': 5}. Best is trial 3 with value: 0.852747659501329.

[22:11:14]  --> Training Fold 1/4 on GPU...

[22:13:24]  --> Training Fold 2/4 on GPU...

[22:16:52]  --> Training Fold 3/4 on GPU...

[22:21:31]  --> Training Fold 4/4 on GPU...

Trial 08: score=0.828613 params=ALSConfig(factors=16, reg_user=0.04078462603452078, reg_item=0.020445193404879096, iterations=11, seed=7, verbose=False, device='cuda')

[I 2026-04-16 22:28:10,542] Trial 8 finished with value: 0.8286131780409242 and parameters: {'factors': 16, 'reg_user': 0.04078462603452078, 'reg_item': 0.020445193404879096, 'iterations': 11}. Best is trial 8 with value: 0.8286131780409242.

[22:28:10]  --> Training Fold 1/4 on GPU...

[22:29:47]  --> Training Fold 2/4 on GPU...

[22:32:23]  --> Training Fold 3/4 on GPU...

[22:35:56]  --> Training Fold 4/4 on GPU...

Trial 09: score=0.882273 params=ALSConfig(factors=8, reg_user=0.0018612030348478708, reg_item=0.013094961105140938, iterations=11, seed=7, verbose=False, device='cuda')

[I 2026-04-16 22:40:51,353] Trial 9 finished with value: 0.8822734282788529 and parameters: {'factors': 8, 'reg_user': 0.0018612030348478708, 'reg_item': 0.013094961105140938, 'iterations': 11}. Best is trial 8 with value: 0.8286131780409242.

[22:40:51]  --> Training Fold 1/4 on GPU...

[22:42:21]  --> Training Fold 2/4 on GPU...

[22:44:47]  --> Training Fold 3/4 on GPU...

[22:48:01]  --> Training Fold 4/4 on GPU...

Trial 10: score=0.821231 params=ALSConfig(factors=16, reg_user=0.4760846029630069, reg_item=0.014083576459192214, iterations=8, seed=7, verbose=False, device='cuda')

[I 2026-04-16 22:52:35,301] Trial 10 finished with value: 0.8212313614022289 and parameters: {'factors': 16, 'reg_user': 0.4760846029630069, 'reg_item': 0.014083576459192214, 'iterations': 8}. Best is trial 10 with value: 0.8212313614022289.
[22:52:35]  --> Training Fold 1/4 on GPU...

[22:54:16]  --> Training Fold 2/4 on GPU...

[22:56:58]  --> Training Fold 3/4 on GPU...

[23:00:37]  --> Training Fold 4/4 on GPU...

Trial 11: score=0.820154 params=ALSConfig(factors=16, reg_user=0.38860696305206816, reg_item=0.016424040324743226, iterations=9, seed=7, verbose=False, device='cuda')

[I 2026-04-16 23:05:44,856] Trial 11 finished with value: 0.8201537067799617 and parameters: {'factors': 16, 'reg_user': 0.38860696305206816, 'reg_item': 0.016424040324743226, 'iterations': 9}. Best is trial 11 with value: 0.8201537067799617.

[23:05:44]  --> Training Fold 1/4 on GPU...

[23:07:14]  --> Training Fold 2/4 on GPU...

[23:09:38]  --> Training Fold 3/4 on GPU...

[23:12:52]  --> Training Fold 4/4 on GPU...

Trial 12: score=0.824195 params=ALSConfig(factors=16, reg_user=0.48661550574865997, reg_item=0.0026881942593714792, iterations=8, seed=7, verbose=False, device='cuda')

[I 2026-04-16 23:17:26,755] Trial 12 finished with value: 0.8241947754283718 and parameters: {'factors': 16, 'reg_user': 0.48661550574865997, 'reg_item': 0.0026881942593714792, 'iterations': 8}. Best is trial 11 with value: 0.8201537067799617.
[23:17:26]  --> Training Fold 1/4 on GPU...
[23:19:39]  --> Training Fold 2/4 on GPU...
[23:23:08]  --> Training Fold 3/4 on GPU...
[23:27:53]  --> Training Fold 4/4 on GPU...
Trial 13: score=0.831724 params=ALSConfig(factors=24, reg_user=0.4184430727981794, reg_item=0.027966255094126348, iterations=9, seed=7, verbose=False, device='cuda')
[I 2026-04-16 23:34:42,865] Trial 13 finished with value: 0.8317236400422201 and parameters: {'factors': 24, 'reg_user': 0.4184430727981794, 'reg_item': 0.027966255094126348, 'iterations': 9}. Best is trial 11 with value: 0.8201537067799617.
[23:34:42]  --> Training Fold 1/4 on GPU...
[23:36:05]  --> Training Fold 2/4 on GPU...
[23:38:18]  --> Training Fold 3/4 on GPU...
[23:41:17]  --> Training Fold 4/4 on GPU...
Trial 14: score=0.847486 params=ALSConfig(factors=16, reg_user=0.08256293227436451, reg_item=0.004192544142871584, iterations=7, seed=7, verbose=False, device='cuda') 
[I 2026-04-16 23:45:32,316] Trial 14 finished with value: 0.8474864105012414 and parameters: {'factors': 16, 'reg_user': 0.08256293227436451, 'reg_item': 0.004192544142871584, 'iterations': 7}. Best is trial 11 with value: 0.8201537067799617.
[23:45:32]  --> Training Fold 1/4 on GPU...
[23:47:51]  --> Training Fold 2/4 on GPU...
[23:51:28]  --> Training Fold 3/4 on GPU...
[23:56:19]  --> Training Fold 4/4 on GPU...
Trial 15: score=0.828572 params=ALSConfig(factors=24, reg_user=0.013624044303285229, reg_item=0.06164918243115585, iterations=9, seed=7, verbose=False, device='cuda')
[I 2026-04-17 00:03:16,150] Trial 15 finished with value: 0.8285719980924383 and parameters: {'factors': 24, 'reg_user': 0.013624044303285229, 'reg_item': 0.06164918243115585, 'iterations': 9}. Best is trial 11 with value: 0.8201537067799617.
[00:03:16]  --> Training Fold 1/4 on GPU...
[00:04:18]  --> Training Fold 2/4 on GPU...
[00:05:58]  --> Training Fold 3/4 on GPU...
[00:08:12]  --> Training Fold 4/4 on GPU...
Trial 16: score=0.833258 params=ALSConfig(factors=8, reg_user=0.19775566376292047, reg_item=0.05370249920080363, iterations=7, seed=7, verbose=False, device='cuda')
[I 2026-04-17 00:11:13,783] Trial 16 finished with value: 0.833258381470055 and parameters: {'factors': 8, 'reg_user': 0.19775566376292047, 'reg_item': 0.05370249920080363, 'iterations': 7}. Best is trial 11 with value: 0.8201537067799617.
[00:11:13]  --> Training Fold 1/4 on GPU...
[00:13:06]  --> Training Fold 2/4 on GPU...
[00:16:06]  --> Training Fold 3/4 on GPU...
[00:20:09]  --> Training Fold 4/4 on GPU...
Trial 17: score=0.851890 params=ALSConfig(factors=16, reg_user=0.03143645906760128, reg_item=0.007629988900097171, iterations=10, seed=7, verbose=False, device='cuda')
[I 2026-04-17 00:25:52,411] Trial 17 finished with value: 0.8518903240454458 and parameters: {'factors': 16, 'reg_user': 0.03143645906760128, 'reg_item': 0.007629988900097171, 'iterations': 10}. Best is trial 11 with value: 0.8201537067799617.
[00:25:52]  --> Training Fold 1/4 on GPU...
[00:27:51]  --> Training Fold 2/4 on GPU...
[00:30:57]  --> Training Fold 3/4 on GPU...
[00:35:07]  --> Training Fold 4/4 on GPU...
Trial 18: score=0.946492 params=ALSConfig(factors=24, reg_user=0.004619191332035515, reg_item=0.002109467501844825, iterations=8, seed=7, verbose=False, device='cuda')
[I 2026-04-17 00:41:01,681] Trial 18 finished with value: 0.946492223469763 and parameters: {'factors': 24, 'reg_user': 0.004619191332035515, 'reg_item': 0.002109467501844825, 'iterations': 8}. Best is trial 11 with value: 0.8201537067799617.
[00:41:01]  --> Training Fold 1/4 on GPU...
[00:42:25]  --> Training Fold 2/4 on GPU...
[00:44:40]  --> Training Fold 3/4 on GPU...
[00:47:44]  --> Training Fold 4/4 on GPU...
Trial 19: score=0.824239 params=ALSConfig(factors=8, reg_user=0.07824091491900255, reg_item=0.053090204737209316, iterations=10, seed=7, verbose=False, device='cuda')
[I 2026-04-17 00:52:02,050] Trial 19 finished with value: 0.8242392309543753 and parameters: {'factors': 8, 'reg_user': 0.07824091491900255, 'reg_item': 0.053090204737209316, 'iterations': 10}. Best is trial 11 with value: 0.8201537067799617.
[00:52:02]  --> Training Fold 1/4 on GPU...
[00:52:36]  --> Training Fold 2/4 on GPU...
[00:53:30]  --> Training Fold 3/4 on GPU...
[00:54:44]  --> Training Fold 4/4 on GPU...
Trial 20: score=0.832664 params=ALSConfig(factors=16, reg_user=0.27069078564437415, reg_item=0.008192257767609982, iterations=3, seed=7, verbose=False, device='cuda')
[I 2026-04-17 00:56:28,892] Trial 20 finished with value: 0.8326635605438627 and parameters: {'factors': 16, 'reg_user': 0.27069078564437415, 'reg_item': 0.008192257767609982, 'iterations': 3}. Best is trial 11 with value: 0.8201537067799617.
[00:56:28]  --> Training Fold 1/4 on GPU...
[00:57:58]  --> Training Fold 2/4 on GPU...
[01:00:23]  --> Training Fold 3/4 on GPU...
[01:03:38]  --> Training Fold 4/4 on GPU...
Trial 21: score=0.829419 params=ALSConfig(factors=16, reg_user=0.3664425213106719, reg_item=0.0024450389940838643, iterations=8, seed=7, verbose=False, device='cuda')
[I 2026-04-17 01:08:12,648] Trial 21 finished with value: 0.829419330081622 and parameters: {'factors': 16, 'reg_user': 0.3664425213106719, 'reg_item': 0.0024450389940838643, 'iterations': 8}. Best is trial 11 with value: 0.8201537067799617.
[01:08:12]  --> Training Fold 1/4 on GPU...
[01:09:42]  --> Training Fold 2/4 on GPU...
[01:12:06]  --> Training Fold 3/4 on GPU...
[01:15:21]  --> Training Fold 4/4 on GPU...
Trial 22: score=0.828883 params=ALSConfig(factors=16, reg_user=0.3081525006657347, reg_item=0.0030099730541558608, iterations=8, seed=7, verbose=False, device='cuda')
[I 2026-04-17 01:19:56,364] Trial 22 finished with value: 0.8288830954768891 and parameters: {'factors': 16, 'reg_user': 0.3081525006657347, 'reg_item': 0.0030099730541558608, 'iterations': 8}. Best is trial 11 with value: 0.8201537067799617.
[01:19:56]  --> Training Fold 1/4 on GPU...
[01:21:15]  --> Training Fold 2/4 on GPU...
[01:23:21]  --> Training Fold 3/4 on GPU...
[01:26:12]  --> Training Fold 4/4 on GPU...
Trial 23: score=0.843522 params=ALSConfig(factors=16, reg_user=0.4465721100195278, reg_item=0.0009522682270382306, iterations=7, seed=7, verbose=False, device='cuda')
[I 2026-04-17 01:30:12,730] Trial 23 finished with value: 0.8435219124426118 and parameters: {'factors': 16, 'reg_user': 0.4465721100195278, 'reg_item': 0.0009522682270382306, 'iterations': 7}. Best is trial 11 with value: 0.8201537067799617.
[01:30:12]  --> Training Fold 1/4 on GPU...
[01:32:41]  --> Training Fold 2/4 on GPU...
[01:36:33]  --> Training Fold 3/4 on GPU...
[01:41:45]  --> Training Fold 4/4 on GPU...
Trial 24: score=0.815223 params=ALSConfig(factors=24, reg_user=0.07536827216706961, reg_item=0.02804371705269558, iterations=10, seed=7, verbose=False, device='cuda')
[I 2026-04-17 01:49:07,807] Trial 24 finished with value: 0.8152225838142256 and parameters: {'factors': 24, 'reg_user': 0.07536827216706961, 'reg_item': 0.02804371705269558, 'iterations': 10}. Best is trial 24 with value: 0.8152225838142256.
[01:49:07]  --> Training Fold 1/4 on GPU...
[01:52:08]  --> Training Fold 2/4 on GPU...
[01:56:51]  --> Training Fold 3/4 on GPU...
[02:03:09]  --> Training Fold 4/4 on GPU...
Trial 25: score=0.866323 params=ALSConfig(factors=32, reg_user=0.07630340330860752, reg_item=0.48293042607963127, iterations=10, seed=7, verbose=False, device='cuda')
[I 2026-04-17 02:12:08,189] Trial 25 finished with value: 0.8663234198183544 and parameters: {'factors': 32, 'reg_user': 0.07630340330860752, 'reg_item': 0.48293042607963127, 'iterations': 10}. Best is trial 24 with value: 0.8152225838142256.
[02:12:08]  --> Training Fold 1/4 on GPU...
[02:15:06]  --> Training Fold 2/4 on GPU...
[02:19:45]  --> Training Fold 3/4 on GPU...
[02:25:58]  --> Training Fold 4/4 on GPU...
Trial 26: score=0.813073 params=ALSConfig(factors=24, reg_user=0.12164969403960255, reg_item=0.02356560640741697, iterations=12, seed=7, verbose=False, device='cuda')
[I 2026-04-17 02:34:49,431] Trial 26 finished with value: 0.813073433836951 and parameters: {'factors': 24, 'reg_user': 0.12164969403960255, 'reg_item': 0.02356560640741697, 'iterations': 12}. Best is trial 26 with value: 0.813073433836951.
[02:34:49]  --> Training Fold 1/4 on GPU...
[02:37:47]  --> Training Fold 2/4 on GPU...
[02:42:26]  --> Training Fold 3/4 on GPU...
[02:48:39]  --> Training Fold 4/4 on GPU...
Trial 27: score=0.818631 params=ALSConfig(factors=24, reg_user=0.049600404988796434, reg_item=0.02949561968695343, iterations=12, seed=7, verbose=False, device='cuda')
[I 2026-04-17 02:57:41,575] Trial 27 finished with value: 0.818630858915884 and parameters: {'factors': 24, 'reg_user': 0.049600404988796434, 'reg_item': 0.02949561968695343, 'iterations': 12}. Best is trial 26 with value: 0.813073433836951.
[02:57:41]  --> Training Fold 1/4 on GPU...
[03:00:56]  --> Training Fold 2/4 on GPU...
[03:05:42]  --> Training Fold 3/4 on GPU...
[03:12:09]  --> Training Fold 4/4 on GPU...
Trial 28: score=0.817038 params=ALSConfig(factors=24, reg_user=0.04742146007784004, reg_item=0.03520851615636183, iterations=12, seed=7, verbose=False, device='cuda')
[I 2026-04-17 03:21:25,968] Trial 28 finished with value: 0.8170381880588644 and parameters: {'factors': 24, 'reg_user': 0.04742146007784004, 'reg_item': 0.03520851615636183, 'iterations': 12}. Best is trial 26 with value: 0.813073433836951.
[03:21:25]  --> Training Fold 1/4 on GPU...
[03:24:24]  --> Training Fold 2/4 on GPU...
[03:28:55]  --> Training Fold 3/4 on GPU...
[03:34:48]  --> Training Fold 4/4 on GPU...
Trial 29: score=0.814543 params=ALSConfig(factors=24, reg_user=0.017361592263433867, reg_item=0.1288083403540178, iterations=11, seed=7, verbose=False, device='cuda')
[I 2026-04-17 03:43:13,981] Trial 29 finished with value: 0.8145434141772876 and parameters: {'factors': 24, 'reg_user': 0.017361592263433867, 'reg_item': 0.1288083403540178, 'iterations': 11}. Best is trial 26 with value: 0.813073433836951.
Best trial:
  value=0.813073
  params={'factors': 24, 'reg_user': 0.12164969403960255, 'reg_item': 0.02356560640741697, 'iterations': 12}
Chạy lại ALS với best config trên bộ Train gốc: ALSConfig(factors=24, reg_user=0.12164969403960255, reg_item=0.02356560640741697, iterations=12, seed=7, verbose=True, device='cuda')
Warm-Start Test rows thực tế để đánh giá: 794666 / 6294011
epoch=01 loss=25330673.992579 delta=0.000000
epoch=02 loss=14764657.524235 delta=10566016.468344
epoch=03 loss=13581390.708843 delta=1183266.815392
epoch=04 loss=13160373.469273 delta=421017.239570
epoch=05 loss=12965318.486196 delta=195054.983077
epoch=06 loss=12857402.901611 delta=107915.584585
epoch=07 loss=12791779.017835 delta=65623.883777
epoch=08 loss=12749209.579558 delta=42569.438276
epoch=09 loss=12719895.292093 delta=29314.287465
epoch=10 loss=12698613.094336 delta=21282.197757
epoch=11 loss=12682482.196853 delta=16130.897482
epoch=12 loss=12669837.473450 delta=12644.723403
Final train RMSE (centered): 0.708765
Test RMSE: 0.824207
User factors shape: (150125, 24)
Item factors shape: (47349, 24)

Exporting final model to 'als_model.pkl'...
Model saved! You can load this file to make instant predictions without training again.